[38;5;37m[2019-01-23.14:57:26.203670][0m [32m INFO[0m[36m imooc.com/tietang/red-envelope/infra.(*starterRegister).Register(infra/starter.go:74):[0m [Register starter: *base.PropsStarter]
[38;5;37m[2019-01-23.14:57:26.204393][0m [32m INFO[0m[36m imooc.com/tietang/red-envelope/infra.(*starterRegister).Register(infra/starter.go:74):[0m [Register starter: *base.ValidatorStarter]
[38;5;37m[2019-01-23.14:57:26.204519][0m [32m INFO[0m[36m imooc.com/tietang/red-envelope/infra.(*starterRegister).Register(infra/starter.go:74):[0m [Register starter: *base.UpperDatabaseStarter]
[38;5;37m[2019-01-23.14:57:26.204668][0m [32m INFO[0m[36m imooc.com/tietang/red-envelope/infra.(*starterRegister).Register(infra/starter.go:74):[0m [Register starter: *base.IrisServerStarter]
[38;5;37m[2019-01-23.14:57:26.204789][0m [32m INFO[0m[36m imooc.com/tietang/red-envelope/infra.(*starterRegister).Register(infra/starter.go:74):[0m [Register starter: *base.IrisRpcStarter]
[38;5;37m[2019-01-23.14:57:26.205520][0m [32m INFO[0m[36m imooc.com/tietang/red-envelope/infra.(*starterRegister).Register(infra/starter.go:74):[0m [Register starter: *base.IdGeneratorStarter]
[38;5;37m[2019-01-23.14:57:26.205733][0m [32m INFO[0m[36m imooc.com/tietang/red-envelope/testx.(*Initializer).Init(testx/init.go:60):[0m [Initializing starters...]
[38;5;37m[2019-01-23.14:57:26.205932][0m [34mDEBUG[0m[36m imooc.com/tietang/red-envelope/testx.(*Initializer).Init(testx/init.go:63):[0m [Initializing: *base.PropsStarter]
[38;5;37m[2019-01-23.14:57:26.206145][0m [32m INFO[0m[36m imooc.com/tietang/red-envelope/infra/base.GetSystemAccount.func1(base/props.go:42):[0m [read system account: &{AccountNo:10000020190101010000000000000001 AccountName:系统红包账户 UserId:100001 Username:系统红包账户}]
[38;5;37m[2019-01-23.14:57:26.206347][0m [34mDEBUG[0m[36m imooc.com/tietang/red-envelope/testx.(*Initializer).Init(testx/init.go:63):[0m [Initializing: *base.ValidatorStarter]
[38;5;37m[2019-01-23.14:57:26.206665][0m [34mDEBUG[0m[36m imooc.com/tietang/red-envelope/testx.(*Initializer).Init(testx/init.go:63):[0m [Initializing: *base.UpperDatabaseStarter]
[38;5;37m[2019-01-23.14:57:26.206764][0m [34mDEBUG[0m[36m imooc.com/tietang/red-envelope/testx.(*Initializer).Init(testx/init.go:63):[0m [Initializing: *base.IrisRpcStarter]
[38;5;37m[2019-01-23.14:57:26.206853][0m [34mDEBUG[0m[36m imooc.com/tietang/red-envelope/testx.(*Initializer).Init(testx/init.go:63):[0m [Initializing: *base.IdGeneratorStarter]
[38;5;37m[2019-01-23.14:57:26.207014][0m [34mDEBUG[0m[36m imooc.com/tietang/red-envelope/testx.(*Initializer).Init(testx/init.go:63):[0m [Initializing: *base.IrisServerStarter]
[38;5;37m[2019-01-23.14:57:26.207213][0m [32m INFO[0m[36m imooc.com/tietang/red-envelope/testx.(*Initializer).Setup(testx/init.go:71):[0m [Setup starters...]
[38;5;37m[2019-01-23.14:57:26.207352][0m [34mDEBUG[0m[36m imooc.com/tietang/red-envelope/testx.(*Initializer).Setup(testx/init.go:74):[0m [Setup: *base.PropsStarter]
[38;5;37m[2019-01-23.14:57:26.207462][0m [34mDEBUG[0m[36m imooc.com/tietang/red-envelope/testx.(*Initializer).Setup(testx/init.go:74):[0m [Setup: *base.ValidatorStarter]
[38;5;37m[2019-01-23.14:57:26.207571][0m [34mDEBUG[0m[36m imooc.com/tietang/red-envelope/testx.(*Initializer).Setup(testx/init.go:74):[0m [Setup: *base.UpperDatabaseStarter]
[38;5;37m[2019-01-23.14:57:26.207802][0m [34mDEBUG[0m[36m imooc.com/tietang/red-envelope/infra/base.getUpperDb(base/upper_conn.go:49):[0m [mysql.ConnectionURL: po:111111@tcp(192.168.232.175:3306)/po?charset=utf8&loc=Local&parseTime=true]
[38;5;37m[2019-01-23.14:57:26.207931][0m [32m INFO[0m[36m imooc.com/tietang/red-envelope/infra/base.createUpperDb(base/upper_conn.go:56):[0m [connecting mysql:po:111111@tcp(192.168.232.175:3306)/po?charset=utf8&loc=Local&parseTime=true]
